0 verbose cli /usr/local/bin/node /usr/local/bin/npm
1 info using npm@10.8.2
2 info using node@v20.17.0
3 silly config load:file:/usr/local/lib/node_modules/npm/npmrc
4 silly config load:file:/home/container/.npmrc
5 silly config load:file:/usr/local/etc/npmrc
6 verbose title npm install discord.js @discordjs/builders @discordjs/rest discord-api-types axios
7 verbose argv "install" "discord.js" "@discordjs/builders" "@discordjs/rest" "discord-api-types" "axios"
8 verbose logfile logs-max:10 dir:/home/container/.npm/_logs/2024-08-29T00_42_22_208Z-
9 verbose logfile /home/container/.npm/_logs/2024-08-29T00_42_22_208Z-debug-0.log
10 silly packumentCache heap:1818755072 maxSize:454688768 maxEntrySize:227344384
11 silly logfile start cleaning logs, removing 1 files
12 silly logfile done cleaning log files
13 silly idealTree buildDeps
14 silly fetch manifest @discordjs/builders@^1.8.2
15 silly packumentCache full:https://registry.npmjs.org/@discordjs%2fbuilders cache-miss
16 http fetch GET 200 https://registry.npmjs.org/npm 194ms
17 http fetch GET 200 https://registry.npmjs.org/@discordjs%2fbuilders 1535ms (cache updated)
18 silly packumentCache full:https://registry.npmjs.org/@discordjs%2fbuilders set size:undefined disposed:false
19 silly fetch manifest @discordjs/rest@^2.3.0
20 silly packumentCache full:https://registry.npmjs.org/@discordjs%2frest cache-miss
21 http fetch GET 200 https://registry.npmjs.org/@discordjs%2frest 1499ms (cache updated)
22 silly packumentCache full:https://registry.npmjs.org/@discordjs%2frest set size:undefined disposed:false
23 silly fetch manifest axios@^1.7.5
24 silly packumentCache full:https://registry.npmjs.org/axios cache-miss
25 http fetch GET 200 https://registry.npmjs.org/axios 36ms (cache revalidated)
26 silly packumentCache full:https://registry.npmjs.org/axios set size:568605 disposed:false
27 silly fetch manifest discord-api-types@^0.37.98
28 silly packumentCache full:https://registry.npmjs.org/discord-api-types cache-miss
29 http fetch GET 200 https://registry.npmjs.org/discord-api-types 567ms (cache revalidated)
30 silly packumentCache full:https://registry.npmjs.org/discord-api-types set size:6113557 disposed:false
31 silly fetch manifest discord.js@^14.15.3
32 silly packumentCache full:https://registry.npmjs.org/discord.js cache-miss
33 http fetch GET 200 https://registry.npmjs.org/discord.js 669ms (cache updated)
34 silly packumentCache full:https://registry.npmjs.org/discord.js set size:undefined disposed:false
35 silly placeDep ROOT @discordjs/builders@1.8.2 REPLACE for:  want: ^1.8.2
36 silly placeDep ROOT @discordjs/rest@2.3.0 REPLACE for:  want: ^2.3.0
37 silly placeDep ROOT axios@1.7.5 REPLACE for:  want: ^1.7.5
38 silly placeDep ROOT discord-api-types@0.37.98 REPLACE for:  want: ^0.37.98
39 silly placeDep ROOT discord.js@14.15.3 REPLACE for:  want: ^14.15.3
40 silly reify moves {}
41 silly audit bulk request {
41 silly audit   'discord-api-types': [ '0.37.83', '0.37.98' ],
41 silly audit   '@discordjs/collection': [ '2.1.0', '1.5.3' ],
41 silly audit   '@discordjs/formatters': [ '0.4.0' ],
41 silly audit   '@discordjs/util': [ '1.1.0' ],
41 silly audit   '@discordjs/voice': [ '0.17.0' ],
41 silly audit   '@discordjs/ws': [ '1.1.1' ],
41 silly audit   '@sapphire/async-queue': [ '1.5.3' ],
41 silly audit   '@sapphire/shapeshift': [ '3.9.7' ],
41 silly audit   '@sapphire/snowflake': [ '3.5.3' ],
41 silly audit   '@types/node': [ '22.1.0' ],
41 silly audit   '@types/ws': [ '8.5.12' ],
41 silly audit   '@vladfrangu/async_event_emitter': [ '2.4.5' ],
41 silly audit   asynckit: [ '0.4.0' ],
41 silly audit   'combined-stream': [ '1.0.8' ],
41 silly audit   'delayed-stream': [ '1.0.0' ],
41 silly audit   tslib: [ '2.6.3', '2.6.2' ],
41 silly audit   'fast-deep-equal': [ '3.1.3' ],
41 silly audit   'follow-redirects': [ '1.15.6' ],
41 silly audit   'form-data': [ '4.0.0' ],
41 silly audit   lodash: [ '4.17.21' ],
41 silly audit   'lodash.snakecase': [ '4.1.1' ],
41 silly audit   'magic-bytes.js': [ '1.10.0' ],
41 silly audit   'mime-db': [ '1.52.0' ],
41 silly audit   'mime-types': [ '2.1.35' ],
41 silly audit   'prism-media': [ '1.3.5' ],
41 silly audit   'proxy-from-env': [ '1.1.0' ],
41 silly audit   'ts-mixer': [ '6.0.4' ],
41 silly audit   undici: [ '6.13.0' ],
41 silly audit   'undici-types': [ '6.13.0' ],
41 silly audit   ws: [ '8.18.0' ],
41 silly audit   '@discordjs/builders': [ '1.8.2' ],
41 silly audit   '@discordjs/rest': [ '2.3.0' ],
41 silly audit   axios: [ '1.7.5' ],
41 silly audit   'discord.js': [ '14.15.3' ]
41 silly audit }
42 http fetch POST 200 https://registry.npmjs.org/-/npm/v1/security/advisories/bulk 166ms
43 silly audit report {}
44 verbose cwd /home/container
45 verbose os Linux 5.15.0-119-generic
46 verbose node v20.17.0
47 verbose npm  v10.8.2
48 notice
48 notice New [36mpatch[39m version of npm available! [36m10.8.2[39m -> [34m10.8.3[39m
48 notice Changelog: [34mhttps://github.com/npm/cli/releases/tag/v10.8.3[39m
48 notice To update run: [4mnpm install -g npm@10.8.3[24m
48 notice  { force: true, [Symbol(proc-log.meta)]: true }
49 verbose exit 0
50 info ok
